20151116_212631 wangluoyouxi 6 fail
20151116_212632 wangluoyouxi 9 fail
20151116_212633 wangluoyouxi 11 fail
20151116_212633 wangluoyouxi 12 fail
20151116_212633 wangluoyouxi 14 fail
20151116_212633 wangluoyouxi 15 fail
20151116_212635 wangluoyouxi 29 fail
20151116_212646 juesebanyan 5 fail
20151116_212646 juesebanyan 6 fail
20151116_212646 juesebanyan 7 fail
20151116_212646 juesebanyan 8 fail
20151116_212647 juesebanyan 12 fail
20151116_212648 juesebanyan 15 fail
20151116_212648 juesebanyan 18 fail
20151116_212704 dongzuomaoxian 40 fail
20151116_212704 dongzuomaoxian 41 fail
20151116_212704 dongzuomaoxian 42 fail
20151116_212704 dongzuomaoxian 43 fail
20151116_212707 jingyingcelue 10 fail
20151116_212709 jingyingcelue 12 fail
20151116_212717 jingyingcelue 42 fail
20151116_212717 jingyingcelue 43 fail
20151116_212717 jingyingcelue 44 fail
20151116_212717 jingyingcelue 46 fail
20151116_212720 qipaitiandi 6 fail
20151116_212747 ertongyouxi 10 fail
20151116_212748 ertongyouxi 15 fail
20151116_212748 ertongyouxi 18 fail
20151116_212748 ertongyouxi 20 fail
20151116_212749 ertongyouxi 22 fail
20151116_212749 ertongyouxi 29 fail
20151116_212750 ertongyouxi 31 fail
20151117_212821 juesebanyan 9 fail
20151117_212821 juesebanyan 10 fail
20151117_212821 juesebanyan 11 fail
20151117_212821 juesebanyan 12 fail
20151117_212821 juesebanyan 13 fail
20151117_212821 juesebanyan 14 fail
20151117_212821 juesebanyan 15 fail
20151117_212821 juesebanyan 16 fail
20151117_212821 juesebanyan 17 fail
20151117_212821 juesebanyan 18 fail
20151117_212821 juesebanyan 19 fail
20151117_212821 juesebanyan 20 fail
20151117_212821 juesebanyan 21 fail
20151117_212821 juesebanyan 22 fail
20151117_212821 juesebanyan 23 fail
20151117_212821 juesebanyan 24 fail
20151117_212821 juesebanyan 25 fail
20151117_212821 juesebanyan 26 fail
20151117_213020 juesebanyan 28 fail
20151117_213020 juesebanyan 29 fail
20151117_213020 juesebanyan 30 fail
20151117_213020 juesebanyan 31 fail
20151117_213020 juesebanyan 32 fail
20151117_213020 juesebanyan 33 fail
20151117_213020 juesebanyan 34 fail
20151117_213020 juesebanyan 35 fail
20151117_213020 juesebanyan 36 fail
20151117_213020 juesebanyan 37 fail
20151117_213020 juesebanyan 38 fail
20151117_213020 juesebanyan 39 fail
20151117_213020 juesebanyan 40 fail
20151117_213020 juesebanyan 41 fail
20151117_213020 juesebanyan 42 fail
20151117_213020 juesebanyan 43 fail
20151117_213020 juesebanyan 44 fail
20151117_213020 juesebanyan 45 fail
20151117_213020 juesebanyan 46 fail
20151117_213020 juesebanyan 47 fail
20151117_213020 juesebanyan 48 fail
20151117_213020 juesebanyan 49 fail
20151117_213020 juesebanyan 50 fail
20151117_213020 dongzuomaoxian 1 fail
20151117_213020 dongzuomaoxian 2 fail
20151117_213020 dongzuomaoxian 3 fail
20151117_213020 dongzuomaoxian 4 fail
20151117_213020 dongzuomaoxian 5 fail
20151117_213020 dongzuomaoxian 6 fail
20151117_213020 dongzuomaoxian 7 fail
20151117_213020 dongzuomaoxian 8 fail
20151117_213020 dongzuomaoxian 9 fail
20151117_213020 dongzuomaoxian 10 fail
20151117_213020 dongzuomaoxian 11 fail
20151117_213020 dongzuomaoxian 12 fail
20151117_213020 dongzuomaoxian 13 fail
20151117_213020 dongzuomaoxian 14 fail
20151117_213020 dongzuomaoxian 15 fail
20151117_213020 dongzuomaoxian 16 fail
20151117_213020 dongzuomaoxian 17 fail
20151117_213020 dongzuomaoxian 18 fail
20151117_213020 dongzuomaoxian 19 fail
20151117_213020 dongzuomaoxian 20 fail
20151117_213020 dongzuomaoxian 21 fail
20151117_213020 dongzuomaoxian 22 fail
20151117_213020 dongzuomaoxian 23 fail
20151117_213020 dongzuomaoxian 24 fail
20151117_213020 dongzuomaoxian 25 fail
20151117_213020 dongzuomaoxian 26 fail
20151117_213020 dongzuomaoxian 27 fail
20151117_213020 dongzuomaoxian 28 fail
20151117_213020 dongzuomaoxian 29 fail
20151117_213020 dongzuomaoxian 30 fail
20151117_213020 dongzuomaoxian 31 fail
20151117_213614 dongzuomaoxian 33 fail
20151117_213614 dongzuomaoxian 34 fail
20151117_213614 dongzuomaoxian 35 fail
20151117_213614 dongzuomaoxian 36 fail
20151117_213655 dongzuomaoxian 39 fail
20151117_213707 dongzuomaoxian 42 fail
20151117_213730 dongzuomaoxian 48 fail
20151117_213748 jingyingcelue 3 fail
20151117_213804 jingyingcelue 6 fail
20151117_213819 jingyingcelue 9 fail
20151117_213834 jingyingcelue 15 fail
20151117_213848 jingyingcelue 17 fail
20151117_213848 jingyingcelue 18 fail
20151117_213917 jingyingcelue 23 fail
20151117_213935 jingyingcelue 26 fail
20151117_213952 jingyingcelue 29 fail
20151117_214011 jingyingcelue 33 fail
20151117_214046 jingyingcelue 40 fail
20151117_214046 jingyingcelue 41 fail
20151117_214046 jingyingcelue 42 fail
20151117_214130 jingyingcelue 49 fail
20151117_214139 qipaitiandi 2 fail
20151117_214201 qipaitiandi 7 fail
20151117_214209 qipaitiandi 9 fail
20151117_214209 qipaitiandi 10 fail
20151117_214227 qipaitiandi 14 fail
20151117_214227 qipaitiandi 15 fail
20151117_214244 qipaitiandi 17 fail
20151117_214257 qipaitiandi 19 fail
20151117_214257 qipaitiandi 20 fail
20151117_214318 qipaitiandi 27 fail
20151117_214318 qipaitiandi 28 fail
20151117_214333 qipaitiandi 30 fail
20151117_214348 qipaitiandi 34 fail
20151117_214348 qipaitiandi 35 fail
20151117_214430 qipaitiandi 50 fail
20151117_214440 feixingsheji 2 fail
20151117_214506 feixingsheji 15 fail
20151117_214506 feixingsheji 16 fail
20151117_214506 feixingsheji 17 fail
20151117_214506 feixingsheji 18 fail
20151117_214605 feixingsheji 32 fail
20151117_214620 feixingsheji 36 fail
20151117_214644 feixingsheji 44 fail
20151117_214644 feixingsheji 45 fail
20151117_214713 ertongyouxi 2 fail
20151117_214732 ertongyouxi 6 fail
20151117_214749 ertongyouxi 13 fail
20151117_214749 ertongyouxi 14 fail
20151117_214834 ertongyouxi 25 fail
20151117_214904 ertongyouxi 38 fail
20151117_214936 ertongyouxi 50 fail
20151118_212641 tiyujingsu 30 fail
20151119_232828 tiyujingsu 50 fail
20151119_233018 qipaitiandi 16 fail
20151120_213349 juesebanyan 49 fail
20151121_213053 xiuxianyizhi 39 fail
20151122_212907 tiyujingsu 8 fail
20151122_213249 ertongyouxi 28 fail
20151122_213249 ertongyouxi 29 fail
20151122_213325 ertongyouxi 35 fail
20151122_213334 ertongyouxi 38 fail
20151122_213334 ertongyouxi 39 fail
20151122_213354 ertongyouxi 44 fail
20151122_213411 ertongyouxi 49 fail
20151124_213352 feixingsheji 40 fail
20151128_212731 dongzuomaoxian 44 fail
20151130_213153 feixingsheji 13 fail
