20151113_203057 saichejingsu 5 fail
20151115_100034 tiyujingji 6 fail
20151116_101301 allrank fail
20151116_101301 xiuxianyizhi 1 fail
20151116_101301 xiuxianyizhi 2 fail
20151116_101301 xiuxianyizhi 3 fail
20151116_101301 xiuxianyizhi 4 fail
20151116_101302 xiuxianyizhi 5 fail
20151116_101302 xiuxianyizhi 6 fail
20151116_101302 xiuxianyizhi 7 fail
20151116_101302 xiuxianyizhi 8 fail
20151116_101302 juesebanyan 1 fail
20151116_101302 juesebanyan 2 fail
20151116_101302 juesebanyan 3 fail
20151116_101302 juesebanyan 4 fail
20151116_101302 juesebanyan 5 fail
20151116_101302 juesebanyan 6 fail
20151116_101302 juesebanyan 7 fail
20151116_101302 juesebanyan 8 fail
20151116_101303 dongzuosheji 1 fail
20151116_101303 dongzuosheji 2 fail
20151116_101303 dongzuosheji 3 fail
20151116_101303 dongzuosheji 4 fail
20151116_101303 dongzuosheji 5 fail
20151116_101303 dongzuosheji 6 fail
20151116_101304 dongzuosheji 7 fail
20151116_101304 dongzuosheji 8 fail
20151116_101304 monifuzhu 1 fail
20151116_101304 monifuzhu 2 fail
20151116_101304 monifuzhu 3 fail
20151116_101304 monifuzhu 4 fail
20151116_101304 monifuzhu 5 fail
20151116_101304 monifuzhu 6 fail
20151116_101304 monifuzhu 7 fail
20151116_101304 monifuzhu 8 fail
20151116_101304 tiyujingji 1 fail
20151116_101305 tiyujingji 2 fail
20151116_101305 tiyujingji 3 fail
20151116_101305 tiyujingji 4 fail
20151116_101305 tiyujingji 5 fail
20151116_101305 tiyujingji 6 fail
20151116_101305 tiyujingji 7 fail
20151116_101305 tiyujingji 8 fail
20151116_101305 saichejingsu 1 fail
20151116_101305 saichejingsu 2 fail
20151116_101305 saichejingsu 3 fail
20151116_101306 saichejingsu 4 fail
20151116_101306 saichejingsu 5 fail
20151116_101306 saichejingsu 6 fail
20151116_101306 saichejingsu 7 fail
20151116_101306 saichejingsu 8 fail
20151116_101306 qipaizhuoyou 1 fail
20151116_101306 qipaizhuoyou 2 fail
20151116_101306 qipaizhuoyou 3 fail
20151116_101306 qipaizhuoyou 4 fail
20151116_101307 qipaizhuoyou 5 fail
20151116_101307 qipaizhuoyou 6 fail
20151116_101307 qipaizhuoyou 7 fail
20151116_101307 qipaizhuoyou 8 fail
20151116_101307 jingyingyangcheng 1 fail
20151116_101307 jingyingyangcheng 2 fail
20151116_101307 jingyingyangcheng 3 fail
20151116_101307 jingyingyangcheng 4 fail
20151116_101307 jingyingyangcheng 5 fail
20151116_101308 jingyingyangcheng 6 fail
20151116_101308 jingyingyangcheng 7 fail
20151116_101308 jingyingyangcheng 8 fail
