20151113_203137 zhanzhengcelue 25 fail
20151113_203147 zhanzhengcelue 46 fail
20151113_203155 dongzuoqiangzhan 9 fail
20151113_203221 saichetiyu 9 fail
20151113_203227 saichetiyu 15 fail
20151113_203227 saichetiyu 16 fail
20151113_203256 wangyouRPG 36 fail
20151113_203334 ertongyizhi 3 fail
20151113_203405 feixingkongzhan 9 fail
20151113_203435 tafangmigong 7 fail
allrank fail
20151115_103421 zhanzhengcelue 11 fail
20151115_103441 dongzuoqiangzhan 39 fail
20151115_103501 wangyouRPG 13 fail
20151115_103523 wangyouRPG 25 fail
20151115_103540 qipaizhuoyou 24 fail
20151115_103555 qipaizhuoyou 38 fail
20151115_103622 ertongyizhi 1 fail
20151115_103645 ertongyizhi 36 fail
20151115_103651 ertongyizhi 39 fail
20151115_103710 xiuxianchuangyi 17 fail
20151115_103725 xiuxianchuangyi 42 fail
20151115_103741 feixingkongzhan 15 fail
20151115_103750 feixingkongzhan 23 fail
20151115_103807 paokuchuangguan 8 fail
20151115_103821 paokuchuangguan 13 fail
20151115_103839 paokuchuangguan 45 fail
20151115_103853 tafangmigong 11 fail
20151115_103922 monijingying 16 fail
20151115_103932 monijingying 30 fail
20151116_102103 feixingkongzhan 14 fail
20151116_181702 wangyouRPG 28 fail
20151116_181725 gedoukuaida 0 fail
20151116_191659 feixingkongzhan 49 fail
20151116_200733 zhanzhengcelue 8 fail
20151116_200745 zhanzhengcelue 44 fail
20151116_200751 zhanzhengcelue 48 fail
20151116_200834 qipaizhuoyou 35 fail
20151116_200948 monijingying 20 fail
20151116_212326 saichetiyu 33 fail
20151116_212343 wangyouRPG 33 fail
20151116_212353 qipaizhuoyou 14 fail
20151116_212419 ertongyizhi 24 fail
20151116_212449 paokuchuangguan 3 fail
20151116_212514 monijingying 8 fail
20151116_212521 monijingying 23 fail
20151117_212314 zhanzhengcelue 31 fail
20151117_212345 saichetiyu 28 fail
20151117_212416 qipaizhuoyou 44 fail
20151117_212531 paokuchuangguan 47 fail
20151117_212546 tafangmigong 10 fail
20151118_212350 qipaizhuoyou 13 fail
20151118_212447 xiuxianchuangyi 40 fail
20151119_232319 zhanzhengcelue 14 fail
20151119_232414 wangyouRPG 10 fail
20151119_232440 qipaizhuoyou 32 fail
20151119_232528 xiuxianchuangyi 2 fail
20151119_232543 xiuxianchuangyi 39 fail
20151119_232628 tafangmigong 39 fail
20151119_232701 monijingying 38 fail
20151120_212644 zhanzhengcelue 33 fail
20151120_212700 dongzuoqiangzhan 26 fail
20151120_212758 qipaizhuoyou 20 fail
20151120_212821 qipaizhuoyou 29 fail
20151120_212848 qipaizhuoyou 49 fail
20151120_213013 ertongyizhi 40 fail
20151120_213102 paokuchuangguan 18 fail
20151120_213126 tafangmigong 46 fail
allrank fail
20151122_212406 saichetiyu 35 fail
20151122_212422 wangyouRPG 37 fail
20151122_212451 gedoukuaida 31 fail
20151123_212446 zhanzhengcelue 8 fail
20151123_212611 xiuxianchuangyi 49 fail
20151123_212617 feixingkongzhan 2 fail
20151123_212647 tafangmigong 11 fail
20151124_212612 dongzuoqiangzhan 43 fail
20151124_212627 saichetiyu 23 fail
20151124_212648 wangyouRPG 25 fail
20151124_212658 wangyouRPG 39 fail
20151124_212752 ertongyizhi 0 fail
20151124_212833 feixingkongzhan 15 fail
20151124_212901 paokuchuangguan 23 fail
20151124_212917 tafangmigong 20 fail
20151124_212930 tafangmigong 39 fail
20151124_212947 monijingying 18 fail
20151124_213001 monijingying 40 fail
20151124_213006 monijingying 43 fail
20151125_212955 dongzuoqiangzhan 38 fail
20151125_213010 saichetiyu 3 fail
20151125_213044 saichetiyu 31 fail
20151125_213051 saichetiyu 39 fail
20151125_213110 wangyouRPG 4 fail
20151125_213120 wangyouRPG 9 fail
20151125_213152 wangyouRPG 39 fail
20151125_213237 qipaizhuoyou 46 fail
20151125_213254 gedoukuaida 15 fail
20151125_213303 gedoukuaida 25 fail
20151125_213313 gedoukuaida 31 fail
20151125_213325 gedoukuaida 40 fail
20151125_213444 feixingkongzhan 28 fail
20151125_213508 paokuchuangguan 5 fail
20151125_213513 paokuchuangguan 8 fail
20151125_213529 paokuchuangguan 28 fail
20151125_213554 tafangmigong 6 fail
20151125_213652 monijingying 46 fail
20151126_212412 zhanzhengcelue 32 fail
20151126_212418 zhanzhengcelue 42 fail
20151126_212442 saichetiyu 33 fail
20151126_212506 qipaizhuoyou 17 fail
20151126_212542 ertongyizhi 14 fail
20151126_212612 feixingkongzhan 28 fail
20151127_212404 zhanzhengcelue 49 fail
20151127_212409 dongzuoqiangzhan 1 fail
20151127_212436 wangyouRPG 6 fail
20151127_212510 gedoukuaida 26 fail
20151127_212539 ertongyizhi 48 fail
20151127_212556 xiuxianchuangyi 22 fail
20151127_212610 feixingkongzhan 8 fail
20151128_212243 zhanzhengcelue 8 fail
20151128_212243 zhanzhengcelue 9 fail
20151128_212350 gedoukuaida 11 fail
20151128_212444 paokuchuangguan 32 fail
20151129_213153 saichetiyu 26 fail
20151129_213234 qipaizhuoyou 43 fail
20151129_213308 ertongyizhi 19 fail
20151129_213345 xiuxianchuangyi 20 fail
20151129_213405 xiuxianchuangyi 47 fail
20151129_213421 paokuchuangguan 5 fail
20151129_213440 tafangmigong 22 fail
20151129_213510 monijingying 47 fail
20151130_212136 dongzuoqiangzhan 44 fail
20151130_212208 saichetiyu 44 fail
20151130_212343 gedoukuaida 18 fail
20151130_212356 gedoukuaida 39 fail
20151130_212409 ertongyizhi 4 fail
20151130_212420 ertongyizhi 10 fail
20151130_212429 ertongyizhi 14 fail
20151130_212451 ertongyizhi 33 fail
20151130_212543 xiuxianchuangyi 43 fail
20151130_212551 xiuxianchuangyi 45 fail
20151130_212621 feixingkongzhan 36 fail
20151130_212630 feixingkongzhan 40 fail
20151130_212637 feixingkongzhan 42 fail
20151130_212647 paokuchuangguan 2 fail
20151130_212726 tafangmigong 1 fail
20151130_212733 tafangmigong 4 fail
20151130_212739 tafangmigong 6 fail
20151130_212809 tafangmigong 29 fail
20151130_212856 monijingying 27 fail
